{"message":"/Users/Jackzeel/Documents/Desarrollo/AppGolkii/app/views/page/dashboard.ejs:5\n    3|     <head>\n    4|         <%- include('../partials/header') %>\n >> 5|         <%- include('../partials/app-data')%>\n    6|     </head>\n    7|     <body>\n    8|         <div class=\"wrapper\">\n\nCould not find the include file \"../partials/app-data\"","level":"error"}
{"message":"/Users/Jackzeel/Documents/Desarrollo/AppGolkii/app/views/page/dashboard.ejs:5\n    3|     <head>\n    4|         <%- include('../partials/header') %>\n >> 5|         <%- include('../partials/app-data')%>\n    6|     </head>\n    7|     <body>\n    8|         <div class=\"wrapper\">\n\nCould not find the include file \"../partials/app-data\"","level":"error"}
{"message":"/Users/Jackzeel/Documents/Desarrollo/AppGolkii/app/views/page/dashboard.ejs:5\n    3|     <head>\n    4|         <%- include('../partials/header') %>\n >> 5|         <%- include('../partials/app-data')%>\n    6|     </head>\n    7|     <body>\n    8|         <div class=\"wrapper\">\n\nCould not find the include file \"../partials/app-data\"","level":"error"}
{"message":"/Users/Jackzeel/Documents/Desarrollo/AppGolkii/app/views/page/error.ejs:5\n    3|     <head>\n    4|         <%- include('../partials/header') %>\n >> 5|         <%- include('../partials/app-data')%>\n    6|     </head>\n    7|     <body>\n    8|         <div class=\"wrapper\">\n\nCould not find the include file \"../partials/app-data\"","level":"error"}
{"message":"/Users/Jackzeel/Documents/Desarrollo/AppGolkii/app/views/page/error.ejs:5\n    3|     <head>\n    4|         <%- include('../partials/header') %>\n >> 5|         <%- include('../partials/app-data')%>\n    6|     </head>\n    7|     <body>\n    8|         <div class=\"wrapper\">\n\nCould not find the include file \"../partials/app-data\"","level":"error"}
{"message":"/Users/Jackzeel/Documents/Desarrollo/AppGolkii/app/views/page/error.ejs:5\n    3|     <head>\n    4|         <%- include('../partials/header') %>\n >> 5|         <%- include('../partials/app-data')%>\n    6|     </head>\n    7|     <body>\n    8|         <div class=\"wrapper\">\n\nCould not find the include file \"../partials/app-data\"","level":"error"}
{"message":"/Users/Jackzeel/Documents/Desarrollo/AppGolkii/app/views/page/error.ejs:5\n    3|     <head>\n    4|         <%- include('../partials/header') %>\n >> 5|         <%- include('../partials/app-data')%>\n    6|     </head>\n    7|     <body>\n    8|         <div class=\"wrapper\">\n\nCould not find the include file \"../partials/app-data\"","level":"error"}
{"message":"/Users/Jackzeel/Documents/Desarrollo/AppGolkii/app/views/page/error.ejs:5\n    3|     <head>\n    4|         <%- include('../partials/header') %>\n >> 5|         <%- include('../partials/app-data')%>\n    6|     </head>\n    7|     <body>\n    8|         <div class=\"wrapper\">\n\nCould not find the include file \"../partials/app-data\"","level":"error"}
{"message":"/Users/Jackzeel/Documents/Desarrollo/AppGolkii/app/views/page/error.ejs:5\n    3|     <head>\n    4|         <%- include('../partials/header') %>\n >> 5|         <%- include('../partials/app-data')%>\n    6|     </head>\n    7|     <body>\n    8|         <div class=\"wrapper\">\n\nCould not find the include file \"../partials/app-data\"","level":"error"}
{"message":"/Users/Jackzeel/Documents/Desarrollo/AppGolkii/app/views/page/dashboard.ejs:4\n    2| <html lang=\"es\">\n    3|     <head>\n >> 4|         <%- include('../partials/header') %>\n    5|         <%- include('../partials/appData')%>\n    6|     </head>\n    7|     <body>\n\n/Users/Jackzeel/Documents/Desarrollo/AppGolkii/app/views/partials/header.ejs:5\n    3| <meta http-equiv=\"X-UA-Compatible\" content=\"IE=edge,chrome=1\" />\n    4| \n >> 5| <title><%= title%></title>\n    6| \n    7| <meta content='width=device-width, initial-scale=1.0, maximum-scale=1.0, user-scalable=0' name='viewport' />\n    8| <meta name=\"viewport\" content=\"width=device-width\" />\n\ntitle is not defined","level":"error"}
{"message":"/Users/Jackzeel/Documents/Desarrollo/AppGolkii/app/views/page/dashboard.ejs:4\n    2| <html lang=\"es\">\n    3|     <head>\n >> 4|         <%- include('../partials/header') %>\n    5| \n    6|     </head>\n    7|     <body>\n\n/Users/Jackzeel/Documents/Desarrollo/AppGolkii/app/views/partials/header.ejs:5\n    3| <meta http-equiv=\"X-UA-Compatible\" content=\"IE=edge,chrome=1\" />\n    4| \n >> 5| <title><%= title%></title>\n    6| \n    7| <meta content='width=device-width, initial-scale=1.0, maximum-scale=1.0, user-scalable=0' name='viewport' />\n    8| <meta name=\"viewport\" content=\"width=device-width\" />\n\ntitle is not defined","level":"error"}
{"message":"/Users/Jackzeel/Documents/Desarrollo/AppGolkii/app/views/page/dashboard.ejs:4\n    2| <html lang=\"es\">\n    3|     <head>\n >> 4|         <%- include('./partials/header') %>\n    5|     </head>\n    6|     <body>\n    7|         <div class=\"wrapper\">\n\nCould not find the include file \"./partials/header\"","level":"error"}
{"message":"/Users/Jackzeel/Documents/Desarrollo/AppGolkii/app/views/page/dashboard.ejs:4\n    2| <html lang=\"es\">\n    3|     <head>\n >> 4|         <%- include('../partials/header') %>\n    5|     </head>\n    6|     <body>\n    7|         <div class=\"wrapper\">\n\n/Users/Jackzeel/Documents/Desarrollo/AppGolkii/app/views/partials/header.ejs:5\n    3| <meta http-equiv=\"X-UA-Compatible\" content=\"IE=edge,chrome=1\" />\n    4| \n >> 5| <title><%= title%></title>\n    6| \n    7| <meta content='width=device-width, initial-scale=1.0, maximum-scale=1.0, user-scalable=0' name='viewport' />\n    8| <meta name=\"viewport\" content=\"width=device-width\" />\n\ntitle is not defined","level":"error"}
{"message":"/Users/Jackzeel/Documents/Desarrollo/AppGolkii/app/views/page/dashboard.ejs:4\n    2| <html lang=\"es\">\n    3|     <head>\n >> 4|         <%- include('./partials/header',{title}) %>\n    5|     </head>\n    6|     <body>\n    7|         <div class=\"wrapper\">\n\ntitle is not defined","level":"error"}
{"message":"/Users/Jackzeel/Documents/Desarrollo/AppGolkii/app/views/page/dashboard.ejs:4\n    2| <html lang=\"es\">\n    3|     <head>\n >> 4|         <%- include('./partials/header',{title}) %>\n    5|     </head>\n    6|     <body>\n    7|         <div class=\"wrapper\">\n\nCould not find the include file \"./partials/header\"","level":"error"}
{"message":"Could not find the include file \"(&#39;../partials/scripts&#39;)\"","level":"error"}
{"message":"/Users/Jackzeel/Documents/Desarrollo/golkii_app/app/views/layout.ejs:5\n    3| \n    4| <head>\n >> 5|     <%- include('../partials/header') %>\n    6|     <link rel=\"stylesheet\" href=\"../resources/css/dashboard-dark.css\">\n    7|     <%- include('../partials/application')%>\n    8| </head>\n\nCould not find the include file \"../partials/header\"","level":"error"}
{"message":"Failed to lookup view \"layout\" in views directory \"/Users/Jackzeel/Documents/Desarrollo/golkii_app/app/views\"","level":"error"}
{"message":"Failed to lookup view \"layout\" in views directory \"/Users/Jackzeel/Documents/Desarrollo/golkii_app/app/views\"","level":"error"}
{"message":"Failed to lookup view \"layout\" in views directory \"/Users/Jackzeel/Documents/Desarrollo/golkii_app/app/views\"","level":"error"}
{"message":"Failed to lookup view \"layout\" in views directory \"/Users/Jackzeel/Documents/Desarrollo/golkii_app/app/views\"","level":"error"}
{"message":"Failed to lookup view \"layout\" in views directory \"/Users/Jackzeel/Documents/Desarrollo/golkii_app/app/views\"","level":"error"}
{"message":"/Users/Jackzeel/Documents/Desarrollo/golkii_app/app/views/layouts/layout.ejs:5\n    3| \n    4| <head>\n >> 5|     <%- include('../partials/header') %>\n    6|     <link rel=\"stylesheet\" href=\"../resources/css/dashboard-dark.css\">\n    7|     <%- include('../partials/application')%>\n    8| </head>\n\n/Users/Jackzeel/Documents/Desarrollo/golkii_app/app/views/partials/header.ejs:3\n    1| <meta charset=\"utf-8\">\n    2| <meta name=\"viewport\" content=\"width=device-width, initial-scale=1, shrink-to-fit=no\">\n >> 3| <title><%=title%></title>\n    4| <link rel=\"icon\" href=\"/resources/img/golkii-icon.ico\">\n    5| <link href=\"https://fonts.googleapis.com/css?family=Roboto\" rel=\"stylesheet\"> \n    6| <link rel=\"stylesheet\" href=\"/resources/css/all.min.css\">\n\ntitle is not defined","level":"error"}
{"message":"/Users/Jackzeel/Documents/Desarrollo/golkii_app/app/views/layouts/layout.ejs:5\n    3| \n    4| <head>\n >> 5|     <%- contentFor('../partials/header') %>\n    6|     <link rel=\"stylesheet\" href=\"../resources/css/dashboard-dark.css\">\n    7|     <%- include('../partials/application')%>\n    8| </head>\n\ncontentFor is not defined","level":"error"}
{"message":"/Users/Jackzeel/Documents/Desarrollo/golkii_app/app/views/layouts/layout.ejs:5\n    3| \n    4| <head>\n >> 5|     <%- contentFor('../partials/header') %>\n    6|     <link rel=\"stylesheet\" href=\"../resources/css/dashboard-dark.css\">\n    7|     <%- include('../partials/application')%>\n    8| </head>\n\ncontentFor is not defined","level":"error"}
{"message":"/Users/Jackzeel/Documents/Desarrollo/golkii_app/app/views/layouts/layout.ejs:5\n    3| \n    4| <head>\n >> 5|     <%- contentFor('../partials/header') %>\n    6|     <link rel=\"stylesheet\" href=\"../resources/css/dashboard-dark.css\">\n    7|     <%- include('../partials/application')%>\n    8| </head>\n\ncontentFor is not defined","level":"error"}
{"message":"/Users/Jackzeel/Documents/Desarrollo/golkii_app/app/views/layouts/layout.ejs:5\n    3| \n    4| <head>\n >> 5|     <%- contentFor('../partials/header') %>\n    6|     <link rel=\"stylesheet\" href=\"../resources/css/dashboard-dark.css\">\n    7|     <%- include('../partials/application')%>\n    8| </head>\n\ncontentFor is not defined","level":"error"}
{"message":"/Users/Jackzeel/Documents/Desarrollo/golkii_app/app/views/layouts/layout.ejs:5\n    3| \n    4| <head>\n >> 5|     <%- include('../partials/header') %>\n    6|     <link rel=\"stylesheet\" href=\"../resources/css/dashboard-dark.css\">\n    7|     <%- include('../partials/application')%>\n    8| </head>\n\n/Users/Jackzeel/Documents/Desarrollo/golkii_app/app/views/partials/header.ejs:3\n    1| <meta charset=\"utf-8\">\n    2| <meta name=\"viewport\" content=\"width=device-width, initial-scale=1, shrink-to-fit=no\">\n >> 3| <title><%=title%></title>\n    4| <link rel=\"icon\" href=\"/resources/img/golkii-icon.ico\">\n    5| <link href=\"https://fonts.googleapis.com/css?family=Roboto\" rel=\"stylesheet\"> \n    6| <link rel=\"stylesheet\" href=\"/resources/css/all.min.css\">\n\ntitle is not defined","level":"error"}
{"message":"Failed to lookup view \"layout\" in views directory \"/Users/Jackzeel/Documents/Desarrollo/golkii_app/app/views\"","level":"error"}
{"message":"Failed to lookup view \"layout\" in views directory \"/Users/Jackzeel/Documents/Desarrollo/golkii_app/app/views\"","level":"error"}
{"message":"Failed to lookup view \"layout\" in views directory \"/Users/Jackzeel/Documents/Desarrollo/golkii_app/app/views\"","level":"error"}
{"message":"Failed to lookup view \"layout\" in views directory \"/Users/Jackzeel/Documents/Desarrollo/golkii_app/app/views\"","level":"error"}
{"message":"Failed to lookup view \"layout/errorLayout\" in views directory \"/Users/Jackzeel/Documents/Desarrollo/golkii_app/app/views\"","level":"error"}
{"message":"Failed to lookup view \"layout/errorLayout\" in views directory \"/Users/Jackzeel/Documents/Desarrollo/golkii_app/app/views\"","level":"error"}
{"message":"Failed to lookup view \"layout/errorLayout\" in views directory \"/Users/Jackzeel/Documents/Desarrollo/golkii_app/app/views\"","level":"error"}
{"message":"Failed to lookup view \"layout/errorLayout\" in views directory \"/Users/Jackzeel/Documents/Desarrollo/golkii_app/app/views\"","level":"error"}
{"message":"Failed to lookup view \"layout/error-layout\" in views directory \"/Users/Jackzeel/Documents/Desarrollo/golkii_app/app/views\"","level":"error"}
{"message":"Failed to lookup view \"layout/error-layout\" in views directory \"/Users/Jackzeel/Documents/Desarrollo/golkii_app/app/views\"","level":"error"}
{"message":"Failed to lookup view \"layout/error-layout\" in views directory \"/Users/Jackzeel/Documents/Desarrollo/golkii_app/app/views\"","level":"error"}
{"message":"Failed to lookup view \"layout/error-layout\" in views directory \"/Users/Jackzeel/Documents/Desarrollo/golkii_app/app/views\"","level":"error"}
{"message":"Failed to lookup view \"layout/error-layout\" in views directory \"/Users/Jackzeel/Documents/Desarrollo/golkii_app/app/views\"","level":"error"}
{"message":"Failed to lookup view \"layout/error-layout\" in views directory \"/Users/Jackzeel/Documents/Desarrollo/golkii_app/app/views\"","level":"error"}
{"message":"Failed to lookup view \"layout/error-layout\" in views directory \"/Users/Jackzeel/Documents/Desarrollo/golkii_app/app/views\"","level":"error"}
{"message":"Failed to lookup view \"layout/error-layout\" in views directory \"/Users/Jackzeel/Documents/Desarrollo/golkii_app/app/views\"","level":"error"}
{"message":"Failed to lookup view \"layout/error-layout\" in views directory \"/Users/Jackzeel/Documents/Desarrollo/golkii_app/app/views\"","level":"error"}
{"message":"Failed to lookup view \"layout/error-layout\" in views directory \"/Users/Jackzeel/Documents/Desarrollo/golkii_app/app/views\"","level":"error"}
{"message":"Failed to lookup view \"layout/error-layout\" in views directory \"/Users/Jackzeel/Documents/Desarrollo/golkii_app/app/views\"","level":"error"}
{"message":"Failed to lookup view \"layout/error-layout\" in views directory \"/Users/Jackzeel/Documents/Desarrollo/golkii_app/app/views\"","level":"error"}
{"message":"Failed to lookup view \"layout/error-layout\" in views directory \"/Users/Jackzeel/Documents/Desarrollo/golkii_app/app/views\"","level":"error"}
{"message":"Failed to lookup view \"layout/error-layout\" in views directory \"/Users/Jackzeel/Documents/Desarrollo/golkii_app/app/views\"","level":"error"}
{"message":"Failed to lookup view \"layout/error-layout\" in views directory \"/Users/Jackzeel/Documents/Desarrollo/golkii_app/app/views\"","level":"error"}
{"message":"Failed to lookup view \"layout/error-layout\" in views directory \"/Users/Jackzeel/Documents/Desarrollo/golkii_app/app/views\"","level":"error"}
{"message":"Failed to lookup view \"layout/error-layout\" in views directory \"/Users/Jackzeel/Documents/Desarrollo/golkii_app/app/views\"","level":"error"}
{"message":"Failed to lookup view \"page/dashboard\" in views directory \"/Users/Jackzeel/Documents/Desarrollo/golkii_app/server/views\"","level":"error"}
{"message":"Failed to lookup view \"page/error\" in views directory \"/Users/Jackzeel/Documents/Desarrollo/golkii_app/server/views\"","level":"error"}
{"message":"Failed to lookup view \"page/error\" in views directory \"/Users/Jackzeel/Documents/Desarrollo/golkii_app/server/views\"","level":"error"}
{"message":"Failed to lookup view \"page/error\" in views directory \"/Users/Jackzeel/Documents/Desarrollo/golkii_app/server/views\"","level":"error"}
{"message":"/Users/Jackzeel/Documents/Desarrollo/golkii_app/server/views/page/principals/error.ejs:5\n    3| \n    4| <head>\n >> 5|     <%- include('../partials/header',{title}) %>\n    6|     <link rel=\"stylesheet\" href=\"/resources/css/errorPage.css\">\n    7| </head>\n    8| \n\nCould not find the include file \"../partials/header\"","level":"error"}
{"message":"/Users/Jackzeel/Documents/Desarrollo/golkii_app/server/views/page/principals/error.ejs:5\n    3| \n    4| <head>\n >> 5|     <%- include('../partials/header',{title}) %>\n    6|     <link rel=\"stylesheet\" href=\"/resources/css/errorPage.css\">\n    7| </head>\n    8| \n\nCould not find the include file \"../partials/header\"","level":"error"}
{"message":"/Users/Jackzeel/Documents/Desarrollo/golkii_app/server/views/page/principals/error.ejs:5\n    3| \n    4| <head>\n >> 5|     <%- include('../partials/header',{title}) %>\n    6|     <link rel=\"stylesheet\" href=\"/resources/css/errorPage.css\">\n    7| </head>\n    8| \n\nCould not find the include file \"../partials/header\"","level":"error"}
{"message":"/Users/Jackzeel/Documents/Desarrollo/golkii_app/server/views/page/principals/error.ejs:5\n    3| \n    4| <head>\n >> 5|     <%- include('../partials/header',{title}) %>\n    6|     <link rel=\"stylesheet\" href=\"/resources/css/errorPage.css\">\n    7| </head>\n    8| \n\nCould not find the include file \"../partials/header\"","level":"error"}
{"message":"/Users/Jackzeel/Documents/Desarrollo/golkii_app/server/views/page/principals/error.ejs:5\n    3| \n    4| <head>\n >> 5|     <%- include('../partials/header',{title}) %>\n    6|     <link rel=\"stylesheet\" href=\"/resources/css/errorPage.css\">\n    7| </head>\n    8| \n\nCould not find the include file \"../partials/header\"","level":"error"}
{"message":"/Users/Jackzeel/Documents/Desarrollo/golkii_app/server/views/page/principals/error.ejs:5\n    3| \n    4| <head>\n >> 5|     <%- include('../partials/header',{title}) %>\n    6|     <link rel=\"stylesheet\" href=\"/resources/css/errorPage.css\">\n    7| </head>\n    8| \n\nCould not find the include file \"../partials/header\"","level":"error"}
{"message":"/Users/Jackzeel/Documents/Desarrollo/golkii_app/server/views/page/principals/error.ejs:5\n    3| \n    4| <head>\n >> 5|     <%- include('../partials/header',{title}) %>\n    6|     <link rel=\"stylesheet\" href=\"/resources/css/errorPage.css\">\n    7| </head>\n    8| \n\nCould not find the include file \"../partials/header\"","level":"error"}
{"message":"/Users/Jackzeel/Documents/Desarrollo/golkii_app/server/views/page/principals/error.ejs:5\n    3| \n    4| <head>\n >> 5|     <%- include('../partials/header',{title}) %>\n    6|     <link rel=\"stylesheet\" href=\"/resources/css/errorPage.css\">\n    7| </head>\n    8| \n\nCould not find the include file \"../partials/header\"","level":"error"}
{"message":"/Users/Jackzeel/Documents/Desarrollo/golkii_app/server/views/page/principals/error.ejs:5\n    3| \n    4| <head>\n >> 5|     <%- include('../partials/header',{title}) %>\n    6|     <link rel=\"stylesheet\" href=\"/resources/css/errorPage.css\">\n    7| </head>\n    8| \n\nCould not find the include file \"../partials/header\"","level":"error"}
{"message":"/Users/Jackzeel/Documents/Desarrollo/golkii_app/server/views/page/errors/error.ejs:5\n    3| \n    4| <head>\n >> 5|     <%- include('../partials/header',{title}) %>\n    6|     <link rel=\"stylesheet\" href=\"/resources/css/errorPage.css\">\n    7| </head>\n    8| \n\nCould not find the include file \"../partials/header\"","level":"error"}
{"message":"Failed to lookup view \"page/principals/dashboard\" in views directory \"/Users/Jackzeel/Documents/Desarrollo/golkii_app/server/views\"","level":"error"}
{"message":"Failed to lookup view \"page/errors/error\" in views directory \"/Users/Jackzeel/Documents/Desarrollo/golkii_app/server/views\"","level":"error"}
{"message":"Failed to lookup view \"page/errors/error\" in views directory \"/Users/Jackzeel/Documents/Desarrollo/golkii_app/server/views\"","level":"error"}
{"message":"Failed to lookup view \"page/errors/error\" in views directory \"/Users/Jackzeel/Documents/Desarrollo/golkii_app/server/views\"","level":"error"}
{"message":"Failed to lookup view \"page/errors/error\" in views directory \"/Users/Jackzeel/Documents/Desarrollo/golkii_app/server/views\"","level":"error"}
{"message":"Failed to lookup view \"page/errors/error\" in views directory \"/Users/Jackzeel/Documents/Desarrollo/golkii_app/server/views\"","level":"error"}
{"message":"Failed to lookup view \"page/errors/error\" in views directory \"/Users/Jackzeel/Documents/Desarrollo/golkii_app/server/views\"","level":"error"}
{"message":"Failed to lookup view \"page/errors/error\" in views directory \"/Users/Jackzeel/Documents/Desarrollo/golkii_app/server/views\"","level":"error"}
{"message":"Failed to lookup view \"page/errors/error\" in views directory \"/Users/Jackzeel/Documents/Desarrollo/golkii_app/server/views\"","level":"error"}
{"message":"/Users/Jackzeel/Documents/Desarrollo/golkii_app/server/views/page/errors/PageNotFound.ejs:5\n    3| \n    4| <head>\n >> 5|     <%- include('../partials/header',{title}) %>\n    6|     <link rel=\"stylesheet\" href=\"/resources/css/errorPage.css\">\n    7| </head>\n    8| \n\nCould not find the include file \"../partials/header\"","level":"error"}
{"message":"/Users/Jackzeel/Documents/Desarrollo/golkii_app/server/views/page/errors/PageNotFound.ejs:5\n    3| \n    4| <head>\n >> 5|     <%- include('../partials/header',{title}) %>\n    6|     <link rel=\"stylesheet\" href=\"/resources/css/errorPage.css\">\n    7| </head>\n    8| \n\nCould not find the include file \"../partials/header\"","level":"error"}
{"message":"/Users/Jackzeel/Documents/Desarrollo/golkii_app/server/views/page/errors/PageNotFound.ejs:5\n    3| \n    4| <head>\n >> 5|     <%- include('../partials/header',{title}) %>\n    6|     <link rel=\"stylesheet\" href=\"/resources/css/errorPage.css\">\n    7| </head>\n    8| \n\nCould not find the include file \"../partials/header\"","level":"error"}
{"message":"/Users/Jackzeel/Documents/Desarrollo/golkii_app/server/views/page/errors/PageNotFound.ejs:5\n    3| \n    4| <head>\n >> 5|     <%- include('../partials/header',{title}) %>\n    6|     <link rel=\"stylesheet\" href=\"/resources/css/errorPage.css\">\n    7| </head>\n    8| \n\nCould not find the include file \"../partials/header\"","level":"error"}
{"message":"Failed to lookup view \"/layouts/error-layout\" in views directory \"/Users/Jackzeel/Documents/Desarrollo/golkii_app/server/views\"","level":"error"}
{"message":"Failed to lookup view \"/layouts/error-layout\" in views directory \"/Users/Jackzeel/Documents/Desarrollo/golkii_app/server/views\"","level":"error"}
{"message":"Failed to lookup view \"/layouts/error-layout\" in views directory \"/Users/Jackzeel/Documents/Desarrollo/golkii_app/server/views\"","level":"error"}
{"message":"Failed to lookup view \"/layouts/error-layout\" in views directory \"/Users/Jackzeel/Documents/Desarrollo/golkii_app/server/views\"","level":"error"}
{"message":"Failed to lookup view \"/layouts/error-layout\" in views directory \"/Users/Jackzeel/Documents/Desarrollo/golkii_app/server/views\"","level":"error"}
